[debug] [2025-07-28T09:19:55.461Z] ----------------------------------------------------------------------
[debug] [2025-07-28T09:19:55.464Z] Command:       /nix/store/ws50yvm6vzlzf7jzz6n7xh4szddrack1-nodejs-20.19.1/bin/node /nix/store/gv0i9ndcpzjpfi2yr06402kzy90q51ki-firebase-tools-14.10.1/lib/node_modules/firebase-tools/lib/bin/firebase.js init hosting
[debug] [2025-07-28T09:19:55.465Z] CLI Version:   14.10.1
[debug] [2025-07-28T09:19:55.465Z] Platform:      linux
[debug] [2025-07-28T09:19:55.466Z] Node Version:  v20.19.1
[debug] [2025-07-28T09:19:55.466Z] Time:          Mon Jul 28 2025 09:19:55 GMT+0000 (Coordinated Universal Time)
[debug] [2025-07-28T09:19:55.466Z] ----------------------------------------------------------------------
[debug] 
[debug] [2025-07-28T09:19:55.473Z] > command requires scopes: ["email","openid","https://www.googleapis.com/auth/cloudplatformprojects.readonly","https://www.googleapis.com/auth/firebase","https://www.googleapis.com/auth/cloud-platform"]
[debug] [2025-07-28T09:20:20.371Z] Running auto auth
[info] 
     ######## #### ########  ######## ########     ###     ######  ########
     ##        ##  ##     ## ##       ##     ##  ##   ##  ##       ##
     ######    ##  ########  ######   ########  #########  ######  ######
     ##        ##  ##    ##  ##       ##     ## ##     ##       ## ##
     ##       #### ##     ## ######## ########  ##     ##  ######  ########

You're about to initialize a Firebase project in this directory:

  /home/user/askarko-chatbot

[info] 
=== Project Setup
[info] 
[info] First, let's associate this project directory with a Firebase project.
[info] You can create multiple project aliases by running firebase use --add, 
[info] but for now we'll just set up a default project.
[info] 
[debug] [2025-07-28T09:21:16.211Z] No OAuth tokens found
[debug] [2025-07-28T09:21:16.226Z] >>> [apiv2][query] GET https://firebase.googleapis.com/v1beta1/projects pageSize=100
[debug] [2025-07-28T09:21:16.763Z] <<< [apiv2][status] GET https://firebase.googleapis.com/v1beta1/projects 200
[debug] [2025-07-28T09:21:16.764Z] <<< [apiv2][body] GET https://firebase.googleapis.com/v1beta1/projects [omitted]
[info] i  Using project data-lineage-navigator (Data Lineage Navigator) 
[info] 
=== Hosting Setup
[debug] [2025-07-28T09:21:16.831Z] No OAuth tokens found
[debug] [2025-07-28T09:21:16.832Z] >>> [apiv2][query] GET https://firebase.googleapis.com/v1beta1/projects/data-lineage-navigator [none]
[debug] [2025-07-28T09:21:17.119Z] <<< [apiv2][status] GET https://firebase.googleapis.com/v1beta1/projects/data-lineage-navigator 200
[debug] [2025-07-28T09:21:17.120Z] <<< [apiv2][body] GET https://firebase.googleapis.com/v1beta1/projects/data-lineage-navigator {"projectId":"data-lineage-navigator","projectNumber":"569405352738","displayName":"Data Lineage Navigator","name":"projects/data-lineage-navigator","resources":{"hostingSite":"data-lineage-navigator"},"state":"ACTIVE","etag":"1_b1594cb9-d26a-40c5-b6a7-e69cc1547f8a"}
